[    23.854] (--) Log file renamed from "/home/student/.local/share/xorg/Xorg.pid-841.log" to "/home/student/.local/share/xorg/Xorg.0.log"
[    23.868] 
X.Org X Server 1.19.6
Release Date: 2017-12-20
[    23.868] X Protocol Version 11, Revision 0
[    23.868] Build Operating System: Linux 4.4.0-119-generic x86_64 Ubuntu
[    23.868] Current Operating System: Linux student-VirtualBox 4.15.0-22-generic #24-Ubuntu SMP Wed May 16 12:15:17 UTC 2018 x86_64
[    23.868] Kernel command line: BOOT_IMAGE=/boot/vmlinuz-4.15.0-22-generic root=UUID=63ecf3e9-82ed-45a5-93d0-0a0b771084b0 ro quiet splash
[    23.868] Build Date: 13 April 2018  08:07:36PM
[    23.868] xorg-server 2:1.19.6-1ubuntu4 (For technical support please see http://www.ubuntu.com/support) 
[    23.868] Current version of pixman: 0.34.0
[    23.868] 	Before reporting problems, check http://wiki.x.org
	to make sure that you have the latest version.
[    23.868] Markers: (--) probed, (**) from config file, (==) default setting,
	(++) from command line, (!!) notice, (II) informational,
	(WW) warning, (EE) error, (NI) not implemented, (??) unknown.
[    23.868] (==) Log file: "/home/student/.local/share/xorg/Xorg.0.log", Time: Wed Jun 20 11:45:05 2018
[    23.910] (==) Using system config directory "/usr/share/X11/xorg.conf.d"
[    23.926] (==) No Layout section.  Using the first Screen section.
[    23.926] (==) No screen section available. Using defaults.
[    23.926] (**) |-->Screen "Default Screen Section" (0)
[    23.926] (**) |   |-->Monitor "<default monitor>"
[    23.927] (==) No monitor specified for screen "Default Screen Section".
	Using a default monitor configuration.
[    23.927] (==) Automatically adding devices
[    23.927] (==) Automatically enabling devices
[    23.927] (==) Automatically adding GPU devices
[    23.927] (==) Automatically binding GPU devices
[    23.930] (==) Max clients allowed: 256, resource mask: 0x1fffff
[    23.939] (WW) The directory "/usr/share/fonts/X11/cyrillic" does not exist.
[    23.939] 	Entry deleted from font path.
[    23.939] (WW) The directory "/usr/share/fonts/X11/100dpi/" does not exist.
[    23.939] 	Entry deleted from font path.
[    23.939] (WW) The directory "/usr/share/fonts/X11/75dpi/" does not exist.
[    23.939] 	Entry deleted from font path.
[    23.939] (WW) The directory "/usr/share/fonts/X11/100dpi" does not exist.
[    23.939] 	Entry deleted from font path.
[    23.939] (WW) The directory "/usr/share/fonts/X11/75dpi" does not exist.
[    23.939] 	Entry deleted from font path.
[    23.939] (==) FontPath set to:
	/usr/share/fonts/X11/misc,
	/usr/share/fonts/X11/Type1,
	built-ins
[    23.939] (==) ModulePath set to "/usr/lib/xorg/modules"
[    23.939] (II) The server relies on udev to provide the list of input devices.
	If no devices become available, reconfigure udev or disable AutoAddDevices.
[    23.944] (II) Loader magic: 0x56177b711020
[    23.944] (II) Module ABI versions:
[    23.944] 	X.Org ANSI C Emulation: 0.4
[    23.944] 	X.Org Video Driver: 23.0
[    23.944] 	X.Org XInput driver : 24.1
[    23.944] 	X.Org Server Extension : 10.0
[    23.945] (++) using VT number 1

[    23.947] (II) systemd-logind: took control of session /org/freedesktop/login1/session/_31
[    23.947] (II) xfree86: Adding drm device (/dev/dri/card0)
[    23.948] (II) systemd-logind: got fd for /dev/dri/card0 226:0 fd 12 paused 0
[    23.951] (--) PCI:*(0:0:2:0) 80ee:beef:0000:0000 rev 0, Mem @ 0xe0000000/16777216, BIOS @ 0x????????/131072
[    23.951] (II) LoadModule: "glx"
[    23.967] (II) Loading /usr/lib/xorg/modules/extensions/libglx.so
[    24.031] (II) Module glx: vendor="X.Org Foundation"
[    24.031] 	compiled for 1.19.6, module version = 1.0.0
[    24.031] 	ABI class: X.Org Server Extension, version 10.0
[    24.031] (==) Matched vboxvideo as autoconfigured driver 0
[    24.031] (==) Matched vboxvideo as autoconfigured driver 1
[    24.031] (==) Matched modesetting as autoconfigured driver 2
[    24.031] (==) Matched fbdev as autoconfigured driver 3
[    24.031] (==) Matched vesa as autoconfigured driver 4
[    24.031] (==) Assigned the driver to the xf86ConfigLayout
[    24.031] (II) LoadModule: "vboxvideo"
[    24.031] (WW) Warning, couldn't open module vboxvideo
[    24.031] (II) UnloadModule: "vboxvideo"
[    24.031] (II) Unloading vboxvideo
[    24.031] (EE) Failed to load module "vboxvideo" (module does not exist, 0)
[    24.031] (II) LoadModule: "modesetting"
[    24.032] (II) Loading /usr/lib/xorg/modules/drivers/modesetting_drv.so
[    24.044] (II) Module modesetting: vendor="X.Org Foundation"
[    24.044] 	compiled for 1.19.6, module version = 1.19.6
[    24.044] 	Module class: X.Org Video Driver
[    24.044] 	ABI class: X.Org Video Driver, version 23.0
[    24.044] (II) LoadModule: "fbdev"
[    24.044] (II) Loading /usr/lib/xorg/modules/drivers/fbdev_drv.so
[    24.047] (II) Module fbdev: vendor="X.Org Foundation"
[    24.047] 	compiled for 1.19.3, module version = 0.4.4
[    24.047] 	Module class: X.Org Video Driver
[    24.047] 	ABI class: X.Org Video Driver, version 23.0
[    24.047] (II) LoadModule: "vesa"
[    24.047] (II) Loading /usr/lib/xorg/modules/drivers/vesa_drv.so
[    24.048] (II) Module vesa: vendor="X.Org Foundation"
[    24.048] 	compiled for 1.19.3, module version = 2.3.4
[    24.048] 	Module class: X.Org Video Driver
[    24.048] 	ABI class: X.Org Video Driver, version 23.0
[    24.048] (==) Matched vboxvideo as autoconfigured driver 0
[    24.048] (==) Matched vboxvideo as autoconfigured driver 1
[    24.048] (==) Matched modesetting as autoconfigured driver 2
[    24.048] (==) Matched fbdev as autoconfigured driver 3
[    24.048] (==) Matched vesa as autoconfigured driver 4
[    24.048] (==) Assigned the driver to the xf86ConfigLayout
[    24.048] (II) LoadModule: "vboxvideo"
[    24.048] (WW) Warning, couldn't open module vboxvideo
[    24.048] (II) UnloadModule: "vboxvideo"
[    24.049] (II) Unloading vboxvideo
[    24.049] (EE) Failed to load module "vboxvideo" (module does not exist, 0)
[    24.049] (II) LoadModule: "modesetting"
[    24.049] (II) Loading /usr/lib/xorg/modules/drivers/modesetting_drv.so
[    24.049] (II) Module modesetting: vendor="X.Org Foundation"
[    24.049] 	compiled for 1.19.6, module version = 1.19.6
[    24.049] 	Module class: X.Org Video Driver
[    24.049] 	ABI class: X.Org Video Driver, version 23.0
[    24.049] (II) UnloadModule: "modesetting"
[    24.049] (II) Unloading modesetting
[    24.049] (II) Failed to load module "modesetting" (already loaded, 0)
[    24.049] (II) LoadModule: "fbdev"
[    24.049] (II) Loading /usr/lib/xorg/modules/drivers/fbdev_drv.so
[    24.049] (II) Module fbdev: vendor="X.Org Foundation"
[    24.049] 	compiled for 1.19.3, module version = 0.4.4
[    24.049] 	Module class: X.Org Video Driver
[    24.049] 	ABI class: X.Org Video Driver, version 23.0
[    24.049] (II) UnloadModule: "fbdev"
[    24.049] (II) Unloading fbdev
[    24.049] (II) Failed to load module "fbdev" (already loaded, 0)
[    24.049] (II) LoadModule: "vesa"
[    24.049] (II) Loading /usr/lib/xorg/modules/drivers/vesa_drv.so
[    24.049] (II) Module vesa: vendor="X.Org Foundation"
[    24.049] 	compiled for 1.19.3, module version = 2.3.4
[    24.049] 	Module class: X.Org Video Driver
[    24.049] 	ABI class: X.Org Video Driver, version 23.0
[    24.049] (II) UnloadModule: "vesa"
[    24.049] (II) Unloading vesa
[    24.049] (II) Failed to load module "vesa" (already loaded, 0)
[    24.049] (II) modesetting: Driver for Modesetting Kernel Drivers: kms
[    24.049] (II) FBDEV: driver for framebuffer: fbdev
[    24.049] (II) VESA: driver for VESA chipsets: vesa
[    24.050] xf86EnableIOPorts: failed to set IOPL for I/O (Operation not permitted)
[    24.050] (II) modeset(0): using drv /dev/dri/card0
[    24.050] (WW) Falling back to old probe method for fbdev
[    24.050] (II) Loading sub module "fbdevhw"
[    24.050] (II) LoadModule: "fbdevhw"
[    24.050] (II) Loading /usr/lib/xorg/modules/libfbdevhw.so
[    24.066] (II) Module fbdevhw: vendor="X.Org Foundation"
[    24.066] 	compiled for 1.19.6, module version = 0.0.2
[    24.066] 	ABI class: X.Org Video Driver, version 23.0
[    24.066] (EE) open /dev/fb0: Permission denied
[    24.066] (WW) Falling back to old probe method for vesa
[    24.066] (WW) VGA arbiter: cannot open kernel arbiter, no multi-card support
[    24.066] (II) modeset(0): Creating default Display subsection in Screen section
	"Default Screen Section" for depth/fbbpp 24/32
[    24.066] (==) modeset(0): Depth 24, (==) framebuffer bpp 32
[    24.066] (==) modeset(0): RGB weight 888
[    24.066] (==) modeset(0): Default visual is TrueColor
[    24.066] (II) Loading sub module "glamoregl"
[    24.066] (II) LoadModule: "glamoregl"
[    24.066] (II) Loading /usr/lib/xorg/modules/libglamoregl.so
[    24.103] (II) Module glamoregl: vendor="X.Org Foundation"
[    24.103] 	compiled for 1.19.6, module version = 1.0.0
[    24.103] 	ABI class: X.Org ANSI C Emulation, version 0.4
[    24.103] (II) glamor: OpenGL accelerated X.org driver based.
[    25.731] (II) glamor: EGL version 1.4 (DRI2):
[    25.732] EGL_MESA_drm_image required.
[    25.740] (EE) modeset(0): glamor initialization failed
[    25.740] (II) modeset(0): ShadowFB: preferred NO, enabled NO
[    25.744] (II) modeset(0): Output VGA-1 has no monitor section
[    25.747] (II) modeset(0): EDID for output VGA-1
[    25.747] (II) modeset(0): Manufacturer: VBX  Model: 0  Serial#: 63965056
[    25.747] (II) modeset(0): Year: 1990  Week: 1
[    25.747] (II) modeset(0): EDID Version: 1.3
[    25.747] (II) modeset(0): Digital Display Input
[    25.747] (II) modeset(0): Indeterminate output size
[    25.747] (II) modeset(0): Gamma: 2.20
[    25.747] (II) modeset(0): DPMS capabilities: StandBy Suspend Off
[    25.747] (II) modeset(0): Supported color encodings: RGB 4:4:4 YCrCb 4:4:4 
[    25.747] (II) modeset(0): Default color space is primary color space
[    25.747] (II) modeset(0): First detailed timing is preferred mode
[    25.747] (II) modeset(0): redX: 0.640 redY: 0.330   greenX: 0.300 greenY: 0.600
[    25.747] (II) modeset(0): blueX: 0.150 blueY: 0.060   whiteX: 0.312 whiteY: 0.329
[    25.747] (II) modeset(0): Manufacturer's mask: 0
[    25.747] (II) modeset(0): Supported detailed timing:
[    25.747] (II) modeset(0): clock: 113.5 MHz   Image Size:  0 x 0 mm
[    25.747] (II) modeset(0): h_active: 1920  h_sync: 1922  h_sync_end 1924 h_blank_end 1926 h_border: 0
[    25.747] (II) modeset(0): v_active: 976  v_sync: 976  v_sync_end 1010 v_blanking: 982 v_border: 0
[    25.747] (II) modeset(0): Ranges: V min: 0 V max: 200 Hz, H min: 0 H max: 200 kHz, PixClock max 1005 MHz
[    25.747] (II) modeset(0): Monitor name: VBOX monitor
[    25.747] (II) modeset(0): EDID (in hex):
[    25.747] (II) modeset(0): 	00ffffffffffff00585800008007d003
[    25.747] (II) modeset(0): 	0100010380000078eeee91a3544c9926
[    25.747] (II) modeset(0): 	0f505400000001010101010101010101
[    25.747] (II) modeset(0): 	010101010101532c800670d006300202
[    25.748] (II) modeset(0): 	0202000000000000000000fd0000c800
[    25.748] (II) modeset(0): 	c864000a202020202020000000fc0056
[    25.748] (II) modeset(0): 	424f58206d6f6e69746f720a00000010
[    25.748] (II) modeset(0): 	000a2020202020202020202020200088
[    25.751] (II) modeset(0): Printing probed modes for output VGA-1
[    25.751] (II) modeset(0): Modeline "1920x976"x60.0  155.51  1920 2040 2240 2560  976 979 989 1013 -hsync +vsync (60.7 kHz P)
[    25.751] (II) modeset(0): Modeline "2560x1600"x60.0  348.50  2560 2752 3032 3504  1600 1603 1609 1658 -hsync +vsync (99.5 kHz e)
[    25.751] (II) modeset(0): Modeline "2560x1600"x60.0  268.50  2560 2608 2640 2720  1600 1603 1609 1646 +hsync -vsync (98.7 kHz e)
[    25.751] (II) modeset(0): Modeline "1920x1440"x60.0  234.00  1920 2048 2256 2600  1440 1441 1444 1500 -hsync +vsync (90.0 kHz e)
[    25.751] (II) modeset(0): Modeline "1856x1392"x60.0  218.25  1856 1952 2176 2528  1392 1393 1396 1439 -hsync +vsync (86.3 kHz e)
[    25.751] (II) modeset(0): Modeline "1792x1344"x60.0  204.75  1792 1920 2120 2448  1344 1345 1348 1394 -hsync +vsync (83.6 kHz e)
[    25.751] (II) modeset(0): Modeline "2048x1152"x60.0  162.00  2048 2074 2154 2250  1152 1153 1156 1200 +hsync +vsync (72.0 kHz e)
[    25.751] (II) modeset(0): Modeline "1920x1200"x59.9  193.25  1920 2056 2256 2592  1200 1203 1209 1245 -hsync +vsync (74.6 kHz e)
[    25.751] (II) modeset(0): Modeline "1920x1200"x60.0  154.00  1920 1968 2000 2080  1200 1203 1209 1235 +hsync -vsync (74.0 kHz e)
[    25.751] (II) modeset(0): Modeline "1920x1080"x60.0  148.50  1920 2008 2052 2200  1080 1084 1089 1125 -hsync -vsync (67.5 kHz e)
[    25.751] (II) modeset(0): Modeline "1600x1200"x60.0  162.00  1600 1664 1856 2160  1200 1201 1204 1250 +hsync +vsync (75.0 kHz e)
[    25.751] (II) modeset(0): Modeline "1680x1050"x60.0  146.25  1680 1784 1960 2240  1050 1053 1059 1089 -hsync +vsync (65.3 kHz e)
[    25.752] (II) modeset(0): Modeline "1680x1050"x59.9  119.00  1680 1728 1760 1840  1050 1053 1059 1080 +hsync -vsync (64.7 kHz e)
[    25.752] (II) modeset(0): Modeline "1400x1050"x60.0  121.75  1400 1488 1632 1864  1050 1053 1057 1089 -hsync +vsync (65.3 kHz e)
[    25.752] (II) modeset(0): Modeline "1400x1050"x59.9  101.00  1400 1448 1480 1560  1050 1053 1057 1080 +hsync -vsync (64.7 kHz e)
[    25.752] (II) modeset(0): Modeline "1600x900"x60.0  108.00  1600 1624 1704 1800  900 901 904 1000 +hsync +vsync (60.0 kHz e)
[    25.752] (II) modeset(0): Modeline "1280x1024"x60.0  108.00  1280 1328 1440 1688  1024 1025 1028 1066 +hsync +vsync (64.0 kHz e)
[    25.752] (II) modeset(0): Modeline "1440x900"x59.9  106.50  1440 1520 1672 1904  900 903 909 934 -hsync +vsync (55.9 kHz e)
[    25.752] (II) modeset(0): Modeline "1440x900"x59.9   88.75  1440 1488 1520 1600  900 903 909 926 +hsync -vsync (55.5 kHz e)
[    25.752] (II) modeset(0): Modeline "1280x960"x60.0  108.00  1280 1376 1488 1800  960 961 964 1000 +hsync +vsync (60.0 kHz e)
[    25.752] (II) modeset(0): Modeline "1366x768"x59.8   85.50  1366 1436 1579 1792  768 771 774 798 +hsync +vsync (47.7 kHz e)
[    25.752] (II) modeset(0): Modeline "1366x768"x60.0   72.00  1366 1380 1436 1500  768 769 772 800 +hsync +vsync (48.0 kHz e)
[    25.752] (II) modeset(0): Modeline "1360x768"x60.0   85.50  1360 1424 1536 1792  768 771 777 795 +hsync +vsync (47.7 kHz e)
[    25.752] (II) modeset(0): Modeline "1280x800"x59.8   83.50  1280 1352 1480 1680  800 803 809 831 -hsync +vsync (49.7 kHz e)
[    25.752] (II) modeset(0): Modeline "1280x800"x59.9   71.00  1280 1328 1360 1440  800 803 809 823 +hsync -vsync (49.3 kHz e)
[    25.752] (II) modeset(0): Modeline "1280x768"x59.9   79.50  1280 1344 1472 1664  768 771 778 798 -hsync +vsync (47.8 kHz e)
[    25.752] (II) modeset(0): Modeline "1280x768"x60.0   68.25  1280 1328 1360 1440  768 771 778 790 +hsync -vsync (47.4 kHz e)
[    25.752] (II) modeset(0): Modeline "1280x720"x60.0   74.25  1280 1390 1430 1650  720 725 730 750 +hsync +vsync (45.0 kHz e)
[    25.752] (II) modeset(0): Modeline "1024x768"x60.0   65.00  1024 1048 1184 1344  768 771 777 806 -hsync -vsync (48.4 kHz e)
[    25.752] (II) modeset(0): Modeline "800x600"x60.3   40.00  800 840 968 1056  600 601 605 628 +hsync +vsync (37.9 kHz e)
[    25.752] (II) modeset(0): Modeline "800x600"x56.2   36.00  800 824 896 1024  600 601 603 625 +hsync +vsync (35.2 kHz e)
[    25.752] (II) modeset(0): Modeline "848x480"x60.0   33.75  848 864 976 1088  480 486 494 517 +hsync +vsync (31.0 kHz e)
[    25.752] (II) modeset(0): Modeline "640x480"x59.9   25.18  640 656 752 800  480 490 492 525 -hsync -vsync (31.5 kHz e)
[    25.752] (II) modeset(0): Output VGA-1 connected
[    25.752] (II) modeset(0): Using exact sizes for initial modes
[    25.752] (II) modeset(0): Output VGA-1 using initial mode 1920x976 +0+0
[    25.752] (==) modeset(0): Using gamma correction (1.0, 1.0, 1.0)
[    25.752] (==) modeset(0): DPI set to (96, 96)
[    25.752] (II) Loading sub module "fb"
[    25.752] (II) LoadModule: "fb"
[    25.752] (II) Loading /usr/lib/xorg/modules/libfb.so
[    25.773] (II) Module fb: vendor="X.Org Foundation"
[    25.773] 	compiled for 1.19.6, module version = 1.0.0
[    25.773] 	ABI class: X.Org ANSI C Emulation, version 0.4
[    25.773] (II) UnloadModule: "fbdev"
[    25.773] (II) Unloading fbdev
[    25.773] (II) UnloadSubModule: "fbdevhw"
[    25.773] (II) Unloading fbdevhw
[    25.773] (II) UnloadModule: "vesa"
[    25.774] (II) Unloading vesa
[    25.774] (==) Depth 24 pixmap format is 32 bpp
[    25.783] (==) modeset(0): Backing store enabled
[    25.783] (==) modeset(0): Silken mouse enabled
[    25.784] (II) modeset(0): RandR 1.2 enabled, ignore the following RandR disabled message.
[    25.785] (==) modeset(0): DPMS enabled
[    25.785] (--) RandR disabled
[    25.798] (II) SELinux: Disabled on system
[    25.800] (II) AIGLX: Screen 0 is not DRI2 capable
[    25.801] (EE) AIGLX: reverting to software rendering
[    25.974] (II) IGLX: enabled GLX_MESA_copy_sub_buffer
[    25.976] (II) IGLX: Loaded and initialized swrast
[    25.976] (II) GLX: Initialized DRISWRAST GL provider for screen 0
[    25.978] (II) modeset(0): Damage tracking initialized
[    25.978] (II) modeset(0): Setting screen physical size to 508 x 258
[    26.226] (II) config/udev: Adding input device Power Button (/dev/input/event0)
[    26.226] (**) Power Button: Applying InputClass "libinput keyboard catchall"
[    26.226] (II) LoadModule: "libinput"
[    26.226] (II) Loading /usr/lib/xorg/modules/input/libinput_drv.so
[    26.263] (II) Module libinput: vendor="X.Org Foundation"
[    26.263] 	compiled for 1.19.6, module version = 0.27.1
[    26.263] 	Module class: X.Org XInput Driver
[    26.263] 	ABI class: X.Org XInput driver, version 24.1
[    26.263] (II) Using input driver 'libinput' for 'Power Button'
[    26.265] (II) systemd-logind: got fd for /dev/input/event0 13:64 fd 20 paused 0
[    26.265] (**) Power Button: always reports core events
[    26.265] (**) Option "Device" "/dev/input/event0"
[    26.265] (**) Option "_source" "server/udev"
[    26.265] (II) event0  - Power Button: is tagged by udev as: Keyboard
[    26.265] (II) event0  - Power Button: device is a keyboard
[    26.265] (II) event0  - Power Button: device removed
[    26.265] (**) Option "config_info" "udev:/sys/devices/LNXSYSTM:00/LNXPWRBN:00/input/input0/event0"
[    26.265] (II) XINPUT: Adding extended input device "Power Button" (type: KEYBOARD, id 6)
[    26.265] (**) Option "xkb_model" "pc105"
[    26.265] (**) Option "xkb_layout" "us"
[    26.266] (II) event0  - Power Button: is tagged by udev as: Keyboard
[    26.266] (II) event0  - Power Button: device is a keyboard
[    26.266] (II) config/udev: Adding input device Sleep Button (/dev/input/event1)
[    26.266] (**) Sleep Button: Applying InputClass "libinput keyboard catchall"
[    26.266] (II) Using input driver 'libinput' for 'Sleep Button'
[    26.268] (II) systemd-logind: got fd for /dev/input/event1 13:65 fd 23 paused 0
[    26.268] (**) Sleep Button: always reports core events
[    26.268] (**) Option "Device" "/dev/input/event1"
[    26.268] (**) Option "_source" "server/udev"
[    26.269] (II) event1  - Sleep Button: is tagged by udev as: Keyboard
[    26.269] (II) event1  - Sleep Button: device is a keyboard
[    26.269] (II) event1  - Sleep Button: device removed
[    26.269] (**) Option "config_info" "udev:/sys/devices/LNXSYSTM:00/LNXSLPBN:00/input/input1/event1"
[    26.269] (II) XINPUT: Adding extended input device "Sleep Button" (type: KEYBOARD, id 7)
[    26.269] (**) Option "xkb_model" "pc105"
[    26.269] (**) Option "xkb_layout" "us"
[    26.270] (II) event1  - Sleep Button: is tagged by udev as: Keyboard
[    26.270] (II) event1  - Sleep Button: device is a keyboard
[    26.271] (II) config/udev: Adding input device Video Bus (/dev/input/event3)
[    26.271] (**) Video Bus: Applying InputClass "libinput keyboard catchall"
[    26.271] (II) Using input driver 'libinput' for 'Video Bus'
[    26.273] (II) systemd-logind: got fd for /dev/input/event3 13:67 fd 24 paused 0
[    26.273] (**) Video Bus: always reports core events
[    26.273] (**) Option "Device" "/dev/input/event3"
[    26.273] (**) Option "_source" "server/udev"
[    26.275] (II) event3  - Video Bus: is tagged by udev as: Keyboard
[    26.275] (II) event3  - Video Bus: device is a keyboard
[    26.275] (II) event3  - Video Bus: device removed
[    26.275] (**) Option "config_info" "udev:/sys/devices/LNXSYSTM:00/LNXSYBUS:00/PNP0A03:00/LNXVIDEO:00/input/input4/event3"
[    26.276] (II) XINPUT: Adding extended input device "Video Bus" (type: KEYBOARD, id 8)
[    26.276] (**) Option "xkb_model" "pc105"
[    26.276] (**) Option "xkb_layout" "us"
[    26.276] (II) event3  - Video Bus: is tagged by udev as: Keyboard
[    26.276] (II) event3  - Video Bus: device is a keyboard
[    26.277] (II) config/udev: Adding input device VirtualBox mouse integration (/dev/input/event6)
[    26.277] (**) VirtualBox mouse integration: Applying InputClass "libinput pointer catchall"
[    26.277] (II) Using input driver 'libinput' for 'VirtualBox mouse integration'
[    26.279] (II) systemd-logind: got fd for /dev/input/event6 13:70 fd 25 paused 0
[    26.279] (**) VirtualBox mouse integration: always reports core events
[    26.279] (**) Option "Device" "/dev/input/event6"
[    26.279] (**) Option "_source" "server/udev"
[    26.279] (II) event6  - VirtualBox mouse integration: is tagged by udev as: Mouse
[    26.280] (II) event6  - VirtualBox mouse integration: device is a pointer
[    26.280] (II) event6  - VirtualBox mouse integration: device removed
[    26.280] (**) Option "config_info" "udev:/sys/devices/pci0000:00/0000:00:04.0/input/input7/event6"
[    26.280] (II) XINPUT: Adding extended input device "VirtualBox mouse integration" (type: MOUSE, id 9)
[    26.283] (**) Option "AccelerationScheme" "none"
[    26.283] (**) VirtualBox mouse integration: (accel) selected scheme none/0
[    26.283] (**) VirtualBox mouse integration: (accel) acceleration factor: 2.000
[    26.283] (**) VirtualBox mouse integration: (accel) acceleration threshold: 4
[    26.283] (II) event6  - VirtualBox mouse integration: is tagged by udev as: Mouse
[    26.283] (II) event6  - VirtualBox mouse integration: device is a pointer
[    26.284] (II) config/udev: Adding input device VirtualBox mouse integration (/dev/input/js1)
[    26.284] (II) No input driver specified, ignoring this device.
[    26.284] (II) This device may have been added with another device file.
[    26.284] (II) config/udev: Adding input device VirtualBox USB Tablet (/dev/input/event5)
[    26.285] (**) VirtualBox USB Tablet: Applying InputClass "libinput pointer catchall"
[    26.285] (II) Using input driver 'libinput' for 'VirtualBox USB Tablet'
[    26.344] (II) systemd-logind: got fd for /dev/input/event5 13:69 fd 26 paused 0
[    26.344] (**) VirtualBox USB Tablet: always reports core events
[    26.344] (**) Option "Device" "/dev/input/event5"
[    26.344] (**) Option "_source" "server/udev"
[    26.345] (II) event5  - VirtualBox USB Tablet: is tagged by udev as: Mouse
[    26.345] (II) event5  - VirtualBox USB Tablet: device is a pointer
[    26.345] (II) event5  - VirtualBox USB Tablet: device removed
[    26.345] (**) Option "config_info" "udev:/sys/devices/pci0000:00/0000:00:06.0/usb1/1-1/1-1:1.0/0003:80EE:0021.0001/input/input6/event5"
[    26.345] (II) XINPUT: Adding extended input device "VirtualBox USB Tablet" (type: MOUSE, id 10)
[    26.345] (**) Option "AccelerationScheme" "none"
[    26.345] (**) VirtualBox USB Tablet: (accel) selected scheme none/0
[    26.345] (**) VirtualBox USB Tablet: (accel) acceleration factor: 2.000
[    26.345] (**) VirtualBox USB Tablet: (accel) acceleration threshold: 4
[    26.345] (II) event5  - VirtualBox USB Tablet: is tagged by udev as: Mouse
[    26.345] (II) event5  - VirtualBox USB Tablet: device is a pointer
[    26.346] (II) config/udev: Adding input device VirtualBox USB Tablet (/dev/input/js0)
[    26.346] (II) No input driver specified, ignoring this device.
[    26.346] (II) This device may have been added with another device file.
[    26.346] (II) config/udev: Adding input device VirtualBox USB Tablet (/dev/input/mouse1)
[    26.346] (II) No input driver specified, ignoring this device.
[    26.346] (II) This device may have been added with another device file.
[    26.346] (II) config/udev: Adding input device AT Translated Set 2 keyboard (/dev/input/event2)
[    26.346] (**) AT Translated Set 2 keyboard: Applying InputClass "libinput keyboard catchall"
[    26.346] (II) Using input driver 'libinput' for 'AT Translated Set 2 keyboard'
[    26.350] (II) systemd-logind: got fd for /dev/input/event2 13:66 fd 27 paused 0
[    26.350] (**) AT Translated Set 2 keyboard: always reports core events
[    26.350] (**) Option "Device" "/dev/input/event2"
[    26.350] (**) Option "_source" "server/udev"
[    26.351] (II) event2  - AT Translated Set 2 keyboard: is tagged by udev as: Keyboard
[    26.351] (II) event2  - AT Translated Set 2 keyboard: device is a keyboard
[    26.351] (II) event2  - AT Translated Set 2 keyboard: device removed
[    26.351] (**) Option "config_info" "udev:/sys/devices/platform/i8042/serio0/input/input2/event2"
[    26.352] (II) XINPUT: Adding extended input device "AT Translated Set 2 keyboard" (type: KEYBOARD, id 11)
[    26.352] (**) Option "xkb_model" "pc105"
[    26.352] (**) Option "xkb_layout" "us"
[    26.353] (II) event2  - AT Translated Set 2 keyboard: is tagged by udev as: Keyboard
[    26.353] (II) event2  - AT Translated Set 2 keyboard: device is a keyboard
[    26.354] (II) config/udev: Adding input device ImExPS/2 Generic Explorer Mouse (/dev/input/event4)
[    26.354] (**) ImExPS/2 Generic Explorer Mouse: Applying InputClass "libinput pointer catchall"
[    26.354] (II) Using input driver 'libinput' for 'ImExPS/2 Generic Explorer Mouse'
[    26.357] (II) systemd-logind: got fd for /dev/input/event4 13:68 fd 28 paused 0
[    26.358] (**) ImExPS/2 Generic Explorer Mouse: always reports core events
[    26.358] (**) Option "Device" "/dev/input/event4"
[    26.359] (**) Option "_source" "server/udev"
[    26.360] (II) event4  - ImExPS/2 Generic Explorer Mouse: is tagged by udev as: Mouse
[    26.360] (II) event4  - ImExPS/2 Generic Explorer Mouse: device is a pointer
[    26.360] (II) event4  - ImExPS/2 Generic Explorer Mouse: device removed
[    26.360] (**) Option "config_info" "udev:/sys/devices/platform/i8042/serio1/input/input5/event4"
[    26.361] (II) XINPUT: Adding extended input device "ImExPS/2 Generic Explorer Mouse" (type: MOUSE, id 12)
[    26.361] (**) Option "AccelerationScheme" "none"
[    26.361] (**) ImExPS/2 Generic Explorer Mouse: (accel) selected scheme none/0
[    26.361] (**) ImExPS/2 Generic Explorer Mouse: (accel) acceleration factor: 2.000
[    26.361] (**) ImExPS/2 Generic Explorer Mouse: (accel) acceleration threshold: 4
[    26.362] (II) event4  - ImExPS/2 Generic Explorer Mouse: is tagged by udev as: Mouse
[    26.362] (II) event4  - ImExPS/2 Generic Explorer Mouse: device is a pointer
[    26.363] (II) config/udev: Adding input device ImExPS/2 Generic Explorer Mouse (/dev/input/mouse0)
[    26.363] (II) No input driver specified, ignoring this device.
[    26.364] (II) This device may have been added with another device file.
[    30.987] (II) modeset(0): EDID vendor "VBX", prod id 0
[    30.987] (II) modeset(0): DDCModeFromDetailedTiming: 1920x976 Warning: We only handle separate sync.
[    30.987] (II) modeset(0): Using EDID range info for horizontal sync
[    30.987] (II) modeset(0): Using EDID range info for vertical refresh
[   255.345] (II) modeset(0): EDID vendor "VBX", prod id 0
[   255.362] (II) modeset(0): DDCModeFromDetailedTiming: 944x960 Warning: We only handle separate sync.
[   255.362] (II) modeset(0): Using hsync ranges from config file
[   255.362] (II) modeset(0): Using vrefresh ranges from config file
[   255.369] (II) modeset(0): EDID vendor "VBX", prod id 0
[   255.369] (II) modeset(0): DDCModeFromDetailedTiming: 944x960 Warning: We only handle separate sync.
[   255.369] (II) modeset(0): Using hsync ranges from config file
[   255.369] (II) modeset(0): Using vrefresh ranges from config file
[   255.473] (II) modeset(0): Allocate new frame buffer 944x960 stride
[   255.892] (II) modeset(0): EDID vendor "VBX", prod id 0
[   255.892] (II) modeset(0): DDCModeFromDetailedTiming: 944x960 Warning: We only handle separate sync.
[   255.892] (II) modeset(0): Using hsync ranges from config file
[   255.892] (II) modeset(0): Using vrefresh ranges from config file
